0429_1805 | 0 | /home/liuxiaowen/st/data/libri_trans/st_lcrm/en-fr | /home/liuxiaowen/st/Fairseq-S2T/../checkpoints/libri_trans/st/0429_1805_lcrm_train_ctc_baseline 
0429_2003 | 0 | /home/liuxiaowen/st/data/libri_trans/st_lcrm/en-fr | /home/liuxiaowen/st/Fairseq-S2T/../checkpoints/libri_trans/st/0429_2003_lcrm_train_ctc_baseline 
0507_1016 | 0 | /home/liuxiaowen/st/data/libri_trans/st_sp_lcrm/en-fr | /home/liuxiaowen/st/Fairseq-S2T/../checkpoints/libri_trans/st/0507_1016_sp_lcrm_train_ctc_baseline 
0507_1104 | 1 | /home/liuxiaowen/st/data/libri_trans/st_lcrm/en-fr | /home/liuxiaowen/st/Fairseq-S2T/../checkpoints/libri_trans/st/0507_1104_lcrm_train_ctc_baseline 
0507_1206 | 0,2,3,4 | /home/liuxiaowen/st/data/libri_trans/st_sp_lcrm/en-fr | /home/liuxiaowen/st/Fairseq-S2T/../checkpoints/libri_trans/st/0507_1206_sp_lcrm_train_ctc_baseline 
0507_1238 | 1,5,6,7 | /home/liuxiaowen/st/data/libri_trans/st_lcrm/en-fr | /home/liuxiaowen/st/Fairseq-S2T/../checkpoints/libri_trans/st/0507_1238_lcrm_train_ctc_baseline 
0507_1459 | 0,1,2,3,4,5 | /home/liuxiaowen/st/data/libri_trans/st_sp_lcrm/en-fr | /home/liuxiaowen/st/Fairseq-S2T/../checkpoints/libri_trans/st/0507_1459_sp_lcrm_train_ctc_baseline 
0507_1841 | 0,1,2,3,4,5 | /home/liuxiaowen/st/data/libri_trans/st_sp_lcrm/en-fr | /home/liuxiaowen/st/Fairseq-S2T/../checkpoints/libri_trans/st/0507_1841_sp_lcrm_train_ctc_baseline 
0508_1154 | 0,1,2,3 | /home/liuxiaowen/st/data/libri_trans/st_lcrm/en-fr | /home/liuxiaowen/st/Fairseq-S2T/../checkpoints/libri_trans/st/0508_1154_lcrm_train_ctc_baseline 
0508_1202 | 4,5,6,7 | /home/liuxiaowen/st/data/libri_trans/st_sp_lcrm/en-fr | /home/liuxiaowen/st/Fairseq-S2T/../checkpoints/libri_trans/st/0508_1202_sp_lcrm_train_ctc_baseline 
0508_1531 | 0,1,2,3 | /home/liuxiaowen/st/data/libri_trans/st_lcrm/en-fr | /home/liuxiaowen/st/Fairseq-S2T/../checkpoints/libri_trans/st/0508_1531_lcrm_train_ctc_baseline 
0508_1818 | 4,5 | /home/liuxiaowen/st/data/libri_trans/st_sp_lcrm/en-fr | /home/liuxiaowen/st/Fairseq-S2T/../checkpoints/libri_trans/st/0508_1818_sp_lcrm_train_ctc_baseline 
0509_1518 | 0 | /home/liuxiaowen/st/data/libri_trans/st_sp_lcrm/en-fr | /home/liuxiaowen/st/Fairseq-S2T/../checkpoints/libri_trans/st/0509_1518_sp_lcrm_train_ctc_baseline 
0510_0011 | 2,3,4,5,6,7 | /home/liuxiaowen/st/data/libri_trans/st_sp_lcrm/en-fr | /home/liuxiaowen/st/Fairseq-S2T/../checkpoints/libri_trans/st/0510_0011_sp_lcrm_train_ctc_baseline 
0510_2214 | 0,1,2,3,4,5 | /home/liuxiaowen/st/data/libri_trans/st_sp_lcrm/en-fr | /home/liuxiaowen/st/Fairseq-S2T/../checkpoints/libri_trans/st/0510_2214_sp_lcrm_train_ctc_baseline_asr+mt 
0510_2223 | 0,1,2,3,4,5 | /home/liuxiaowen/st/data/libri_trans/st_sp_lcrm/en-fr | /home/liuxiaowen/st/Fairseq-S2T/../checkpoints/libri_trans/st/0510_2223_sp_lcrm_train_ctc_baseline_asr+mt 
0510_2230 | 0,1,2,3,4,5 | /home/liuxiaowen/st/data/libri_trans/st_sp_lcrm/en-fr | /home/liuxiaowen/st/Fairseq-S2T/../checkpoints/libri_trans/st/0510_2230_sp_lcrm_train_ctc_baseline_asr+mt 
0510_2233 | 0,1,2,3,4,5 | /home/liuxiaowen/st/data/libri_trans/st_sp_lcrm/en-fr | /home/liuxiaowen/st/Fairseq-S2T/../checkpoints/libri_trans/st/0510_2233_sp_lcrm_train_ctc_baseline_asr+mt 
0511_1336 | 0,1,2,3 | /home/liuxiaowen/st/data/libri_trans/st_sp_lcrm/en-fr | /home/liuxiaowen/st/Fairseq-S2T/../checkpoints/libri_trans/st/0511_1336_sp_lcrm_train_ctc_baseline_asr+mt 
0515_0052 | 0,1,2,3 | /home/liuxiaowen/st/data/libri_trans/st_sp_lcrm/en-fr | /home/liuxiaowen/st/Fairseq-S2T/../checkpoints/libri_trans/st/0515_0052_sp_lcrm_train_ctc_baseline_librispeechasr+mt 
0515_0056 | 4,5,6,7 | /home/liuxiaowen/st/data/libri_trans/st_sp_lcrm/en-fr | /home/liuxiaowen/st/Fairseq-S2T/../checkpoints/libri_trans/st/0515_0056_sp_lcrm_train_ctc_baseline_librispeechasr+opensubmt 
0515_0105 | 4,5,6,7 | /home/liuxiaowen/st/data/libri_trans/st_sp_lcrm/en-fr | /home/liuxiaowen/st/Fairseq-S2T/../checkpoints/libri_trans/st/0515_0105_sp_lcrm_train_ctc_baseline_librispeechasr+opensubmt 
0515_1635 | 0,1,2,3 | /home/liuxiaowen/st/data/libri_trans/st_sp_lcrm/en-fr | /home/liuxiaowen/st/Fairseq-S2T/../checkpoints/libri_trans/st/0515_1635_sp_lcrm_train_ctc_baseline_librispeechasr+fineopenmt 
0516_1555 | 0,1,2,3 | /home/liuxiaowen/st/data/libri_trans/st_sp_lcrm/en-fr | /home/liuxiaowen/st/Fairseq-S2T/../checkpoints/libri_trans/st/0516_1555_sp_lcrm_train_ctc_baseline_librispeechasr_en+de 
0516_1556 | 0,1,2,3 | /home/liuxiaowen/st/data/libri_trans/st_sp_lcrm/en-fr | /home/liuxiaowen/st/Fairseq-S2T/../checkpoints/libri_trans/st/0516_1556_sp_lcrm_train_ctc_baseline_librispeechasr_en+de 
0516_2131 | 0,1,2,3 | /home/liuxiaowen/st/data/libri_trans/st_sp_lcrm/en-fr | /home/liuxiaowen/st/Fairseq-S2T/../checkpoints/libri_trans/st/0516_2131_sp_lcrm_train_ctc_baseline_opensubmt_en+de 
0516_2328 | 0,1,2,3 | /home/liuxiaowen/st/data/libri_trans/st_sp_lcrm/en-fr | /home/liuxiaowen/st/Fairseq-S2T/../checkpoints/libri_trans/st/0516_2328_sp_lcrm_train_ctc_baseline_opensubmt_en+de 
0517_1318 | 0,1,2,3 | /home/liuxiaowen/st/data/libri_trans/st_sp_lcrm/en-fr | /home/liuxiaowen/st/Fairseq-S2T/../checkpoints/libri_trans/st/0517_1318_sp_lcrm_train_ctc_librispeechdata 
0517_1329 | 0,1,2,3 | /home/liuxiaowen/st/data/libri_trans/st_sp_lcrm/en-fr | /home/liuxiaowen/st/Fairseq-S2T/../checkpoints/libri_trans/st/0517_1329_sp_lcrm_train_ctc_librispeechdata 
0517_1351 | 4,5,6,7 | /home/liuxiaowen/st/data/libri_trans/st_sp_lcrm/en-fr | /home/liuxiaowen/st/Fairseq-S2T/../checkpoints/libri_trans/st/0517_1351_sp_lcrm_train_ctc_sate_librispeechasr+libopenmt 
0517_2221 | 0,1,2,3 | /home/liuxiaowen/st/data/libri_trans/st_sp_lcrm/en-fr | /home/liuxiaowen/st/Fairseq-S2T/../checkpoints/libri_trans/st/0517_2221_sp_lcrm_train_ctc_sate_librispeechasr+openmt 
0518_1147 | 0,1,2,3 | /home/liuxiaowen/st/data/libri_trans/st_sp_lcrm/en-fr | /home/liuxiaowen/st/Fairseq-S2T/../checkpoints/libri_trans/st/0518_1147_sp_lcrm_train_ctc_librispeechdata 
0519_0026 | 0,1,2,3 | /home/liuxiaowen/st/data/libri_trans/st_sp_lcrm/en-fr | /home/liuxiaowen/st/Fairseq-S2T/../checkpoints/libri_trans/st/0519_0026_sp_lcrm_train_ctc_librispeechdata_asr+libopenmt 
0520_0129 | 0,1,2,3 | /home/liuxiaowen/st/data/libri_trans/st_sp_lcrm/en-fr | /home/liuxiaowen/st/Fairseq-S2T/../checkpoints/libri_trans/st/0520_0129_sp_lcrm_train_ctc_librispeechdata_test 
0520_0135 | 0,1,2,3 | /home/liuxiaowen/st/data/libri_trans/st_sp_lcrm/en-fr | /home/liuxiaowen/st/Fairseq-S2T/../checkpoints/libri_trans/st/0520_0135_sp_lcrm_train_ctc_librispeechdata_test+dev 
0520_1242 | 0,1,2,3 | /home/liuxiaowen/st/data/libri_trans/st_sp_lcrm/en-fr | /home/liuxiaowen/st/Fairseq-S2T/../checkpoints/libri_trans/st/0520_1242_sp_lcrm_train_ctc_librispeechdata_dev+test_asr+openmt 
0520_1845 | 0,1,2,3 | /home/liuxiaowen/st/data/libri_trans/st_sp_lcrm/en-fr | /home/liuxiaowen/st/Fairseq-S2T/../checkpoints/libri_trans/st/0520_1845_sp_lcrm_train_ctc_librispeechdata_train_asr+openmt 
0521_1339 | 0,1,2,3 | /home/liuxiaowen/st/data/libri_trans/st_sp_lcrm/en-fr | /home/liuxiaowen/st/Fairseq-S2T/../checkpoints/libri_trans/st/0521_1339_sp_lcrm_train_ctc_librispeechdata_train 
0522_2259 | 0,1,2,3 | /home/liuxiaowen/st/data/libri_trans/st_lcrm/en-fr | /home/liuxiaowen/st/Fairseq-S2T/../checkpoints/libri_trans/st/0522_2259_lcrm_train_ctc_baseline 
0522_2310 | 0,1,2,3 | /home/liuxiaowen/st/data/libri_trans/st_lcrm/en-fr | /home/liuxiaowen/st/Fairseq-S2T/../checkpoints/libri_trans/st/ 
0522_2330 | 0,1,2,3 | /home/liuxiaowen/st/data/libri_trans/st_lcrm/en-fr | /home/liuxiaowen/st/Fairseq-S2T/../checkpoints/libri_trans/st/st_lcrm_train_ctc_baseline 
0525_2330 | 0,1,2,3 | /home/liuxiaowen/st/data/libri_trans/st_sp_lcrm/en-fr | /home/liuxiaowen/st/Fairseq-S2T/../checkpoints/libri_trans/st/st_sp_lcrm_train_ctc_pseudodata5 
0525_2333 | 0,1,2,3 | /home/liuxiaowen/st/data/libri_trans/st_sp_lcrm/en-fr | /home/liuxiaowen/st/Fairseq-S2T/../checkpoints/libri_trans/st/0525_2333_sp_lcrm_train_ctc_pseudodata5 
0525_2337 | 4,5,6,7 | /home/liuxiaowen/st/data/libri_trans/st_sp_lcrm/en-fr | /home/liuxiaowen/st/Fairseq-S2T/../checkpoints/libri_trans/st/0525_2337_sp_lcrm_train_ctc_pseudodata10 
0526_1020 | 0,1,2,3 | /home/liuxiaowen/st/data/libri_trans/st_sp_lcrm/en-fr | /home/liuxiaowen/st/Fairseq-S2T/../checkpoints/libri_trans/st/0526_1020_sp_lcrm_train_ctc_pseudodata20 
0526_1533 | 4,5,6,7 | /home/liuxiaowen/st/data/libri_trans/st_sp_lcrm/en-fr | /home/liuxiaowen/st/Fairseq-S2T/../checkpoints/libri_trans/st/0526_1533_sp_lcrm_train_ctc_pseudodata5+libasr+libopenmt 
0526_2208 | 4,5,6,7 | /home/liuxiaowen/st/data/libri_trans/st_sp_lcrm/en-fr | /home/liuxiaowen/st/Fairseq-S2T/../checkpoints/libri_trans/st/0526_2208_sp_lcrm_train_ctc_pseudodata10+libasr+libopenmt 
0527_0047 | 0,1,2,3 | /home/liuxiaowen/st/data/libri_trans/st_sp_lcrm/en-fr | /home/liuxiaowen/st/Fairseq-S2T/../checkpoints/libri_trans/st/0527_0047_sp_lcrm_train_ctc_pseudodata20+libasr+libopenmt 
0527_1944 | 0,1,2,3 | /home/liuxiaowen/st/data/libri_trans/st_lcrm/en-fr | /home/liuxiaowen/st/Fairseq-S2T/../checkpoints/libri_trans/st/st_lcrm_train_ctc_baseline 
0527_1946 | 0,1,2,3 | /home/liuxiaowen/st/data/libri_trans/st_lcrm/en-fr | /home/liuxiaowen/st/Fairseq-S2T/../checkpoints/libri_trans/st/st_lcrm_train_ctc_baseline 
